# JRE version: Java(TM) SE Runtime Environment (8.0_221-b11) (build 1.8.0_221-b11)
# Java VM: Java HotSpot(TM) 64-Bit Server VM (25.221-b11 mixed mode windows-amd64 compressed oops)
Heap:
 PSYoungGen      total 76288K, used 58884K [0x000000076b200000, 0x0000000774700000, 0x00000007c0000000)
  eden space 65536K, 89% used [0x000000076b200000,0x000000076eb81108,0x000000076f200000)
  from space 10752K, 0% used [0x000000076f200000,0x000000076f200000,0x000000076fc80000)
  to   space 10752K, 0% used [0x0000000773c80000,0x0000000773c80000,0x0000000774700000)
 ParOldGen       total 84480K, used 5575K [0x00000006c1600000, 0x00000006c6880000, 0x000000076b200000)
  object space 84480K, 6% used [0x00000006c1600000,0x00000006c1b71c38,0x00000006c6880000)
 Metaspace       used 28119K, capacity 29160K, committed 29312K, reserved 1077248K
  class space    used 3646K, capacity 3922K, committed 3968K, reserved 1048576K
GC Heap History (8 events):
Event: 1.557 GC heap before
{Heap before GC invocations=1 (full 0):
 PSYoungGen      total 76288K, used 65536K [0x000000076b200000, 0x0000000770700000, 0x00000007c0000000)
  eden space 65536K, 100% used [0x000000076b200000,0x000000076f200000,0x000000076f200000)
  from space 10752K, 0% used [0x000000076fc80000,0x000000076fc80000,0x0000000770700000)
  to   space 10752K, 0% used [0x000000076f200000,0x000000076f200000,0x000000076fc80000)
 ParOldGen       total 175104K, used 0K [0x00000006c1600000, 0x00000006cc100000, 0x000000076b200000)
  object space 175104K, 0% used [0x00000006c1600000,0x00000006c1600000,0x00000006cc100000)
 Metaspace       used 11486K, capacity 11688K, committed 11904K, reserved 1058816K
  class space    used 1465K, capacity 1552K, committed 1664K, reserved 1048576K
Event: 1.566 GC heap after
Heap after GC invocations=1 (full 0):
 PSYoungGen      total 76288K, used 8121K [0x000000076b200000, 0x0000000770700000, 0x00000007c0000000)
  eden space 65536K, 0% used [0x000000076b200000,0x000000076b200000,0x000000076f200000)
  from space 10752K, 75% used [0x000000076f200000,0x000000076f9ee728,0x000000076fc80000)
  to   space 10752K, 0% used [0x000000076fc80000,0x000000076fc80000,0x0000000770700000)
 ParOldGen       total 175104K, used 16K [0x00000006c1600000, 0x00000006cc100000, 0x000000076b200000)
  object space 175104K, 0% used [0x00000006c1600000,0x00000006c1604000,0x00000006cc100000)
 Metaspace       used 11486K, capacity 11688K, committed 11904K, reserved 1058816K
  class space    used 1465K, capacity 1552K, committed 1664K, reserved 1048576K
}
Event: 3.146 GC heap before
{Heap before GC invocations=2 (full 0):
 PSYoungGen      total 76288K, used 73657K [0x000000076b200000, 0x0000000770700000, 0x00000007c0000000)
  eden space 65536K, 100% used [0x000000076b200000,0x000000076f200000,0x000000076f200000)
  from space 10752K, 75% used [0x000000076f200000,0x000000076f9ee728,0x000000076fc80000)
  to   space 10752K, 0% used [0x000000076fc80000,0x000000076fc80000,0x0000000770700000)
 ParOldGen       total 175104K, used 16K [0x00000006c1600000, 0x00000006cc100000, 0x000000076b200000)
  object space 175104K, 0% used [0x00000006c1600000,0x00000006c1604000,0x00000006cc100000)
 Metaspace       used 20333K, capacity 20568K, committed 20864K, reserved 1067008K
  class space    used 2597K, capacity 2678K, committed 2688K, reserved 1048576K
Event: 3.157 GC heap after
Heap after GC invocations=2 (full 0):
 PSYoungGen      total 76288K, used 10492K [0x000000076b200000, 0x0000000770700000, 0x00000007c0000000)
  eden space 65536K, 0% used [0x000000076b200000,0x000000076b200000,0x000000076f200000)
  from space 10752K, 97% used [0x000000076fc80000,0x00000007706bf158,0x0000000770700000)
  to   space 10752K, 0% used [0x000000076f200000,0x000000076f200000,0x000000076fc80000)
 ParOldGen       total 175104K, used 32K [0x00000006c1600000, 0x00000006cc100000, 0x000000076b200000)
  object space 175104K, 0% used [0x00000006c1600000,0x00000006c1608000,0x00000006cc100000)
 Metaspace       used 20333K, capacity 20568K, committed 20864K, reserved 1067008K
  class space    used 2597K, capacity 2678K, committed 2688K, reserved 1048576K
}
Event: 3.193 GC heap before
{Heap before GC invocations=3 (full 0):
 PSYoungGen      total 76288K, used 14325K [0x000000076b200000, 0x0000000770700000, 0x00000007c0000000)
  eden space 65536K, 5% used [0x000000076b200000,0x000000076b5be4b8,0x000000076f200000)
  from space 10752K, 97% used [0x000000076fc80000,0x00000007706bf158,0x0000000770700000)
  to   space 10752K, 0% used [0x000000076f200000,0x000000076f200000,0x000000076fc80000)
 ParOldGen       total 175104K, used 32K [0x00000006c1600000, 0x00000006cc100000, 0x000000076b200000)
  object space 175104K, 0% used [0x00000006c1600000,0x00000006c1608000,0x00000006cc100000)
 Metaspace       used 20730K, capacity 21016K, committed 21248K, reserved 1067008K
  class space    used 2655K, capacity 2742K, committed 2816K, reserved 1048576K
Event: 3.200 GC heap after
Heap after GC invocations=3 (full 0):
 PSYoungGen      total 76288K, used 5688K [0x000000076b200000, 0x0000000774700000, 0x00000007c0000000)
  eden space 65536K, 0% used [0x000000076b200000,0x000000076b200000,0x000000076f200000)
  from space 10752K, 52% used [0x000000076f200000,0x000000076f78e0d8,0x000000076fc80000)
  to   space 10752K, 0% used [0x0000000773c80000,0x0000000773c80000,0x0000000774700000)
 ParOldGen       total 175104K, used 40K [0x00000006c1600000, 0x00000006cc100000, 0x000000076b200000)
  object space 175104K, 0% used [0x00000006c1600000,0x00000006c160a000,0x00000006cc100000)
 Metaspace       used 20730K, capacity 21016K, committed 21248K, reserved 1067008K
  class space    used 2655K, capacity 2742K, committed 2816K, reserved 1048576K
}
Event: 3.200 GC heap before
{Heap before GC invocations=4 (full 1):
 PSYoungGen      total 76288K, used 5688K [0x000000076b200000, 0x0000000774700000, 0x00000007c0000000)
  eden space 65536K, 0% used [0x000000076b200000,0x000000076b200000,0x000000076f200000)
  from space 10752K, 52% used [0x000000076f200000,0x000000076f78e0d8,0x000000076fc80000)
  to   space 10752K, 0% used [0x0000000773c80000,0x0000000773c80000,0x0000000774700000)
 ParOldGen       total 175104K, used 40K [0x00000006c1600000, 0x00000006cc100000, 0x000000076b200000)
  object space 175104K, 0% used [0x00000006c1600000,0x00000006c160a000,0x00000006cc100000)
 Metaspace       used 20730K, capacity 21016K, committed 21248K, reserved 1067008K
  class space    used 2655K, capacity 2742K, committed 2816K, reserved 1048576K
Event: 3.242 GC heap after
Heap after GC invocations=4 (full 1):
 PSYoungGen      total 76288K, used 0K [0x000000076b200000, 0x0000000774700000, 0x00000007c0000000)
  eden space 65536K, 0% used [0x000000076b200000,0x000000076b200000,0x000000076f200000)
  from space 10752K, 0% used [0x000000076f200000,0x000000076f200000,0x000000076fc80000)
  to   space 10752K, 0% used [0x0000000773c80000,0x0000000773c80000,0x0000000774700000)
 ParOldGen       total 84480K, used 5575K [0x00000006c1600000, 0x00000006c6880000, 0x000000076b200000)
  object space 84480K, 6% used [0x00000006c1600000,0x00000006c1b71c38,0x00000006c6880000)
 Metaspace       used 20730K, capacity 21016K, committed 21248K, reserved 1067008K
  class space    used 2655K, capacity 2742K, committed 2816K, reserved 1048576K
}

