# JRE version: Java(TM) SE Runtime Environment (8.0_221-b11) (build 1.8.0_221-b11)
# Java VM: Java HotSpot(TM) 64-Bit Server VM (25.221-b11 mixed mode windows-amd64 compressed oops)
Heap:
 PSYoungGen      total 76288K, used 50303K [0x000000076b200000, 0x0000000774700000, 0x00000007c0000000)
  eden space 65536K, 76% used [0x000000076b200000,0x000000076e31ffd8,0x000000076f200000)
  from space 10752K, 0% used [0x000000076f200000,0x000000076f200000,0x000000076fc80000)
  to   space 10752K, 0% used [0x0000000773c80000,0x0000000773c80000,0x0000000774700000)
 ParOldGen       total 87552K, used 5536K [0x00000006c1600000, 0x00000006c6b80000, 0x000000076b200000)
  object space 87552K, 6% used [0x00000006c1600000,0x00000006c1b681d8,0x00000006c6b80000)
 Metaspace       used 27481K, capacity 28386K, committed 28672K, reserved 1075200K
  class space    used 3552K, capacity 3781K, committed 3840K, reserved 1048576K
GC Heap History (8 events):
Event: 1.455 GC heap before
{Heap before GC invocations=1 (full 0):
 PSYoungGen      total 76288K, used 65536K [0x000000076b200000, 0x0000000770700000, 0x00000007c0000000)
  eden space 65536K, 100% used [0x000000076b200000,0x000000076f200000,0x000000076f200000)
  from space 10752K, 0% used [0x000000076fc80000,0x000000076fc80000,0x0000000770700000)
  to   space 10752K, 0% used [0x000000076f200000,0x000000076f200000,0x000000076fc80000)
 ParOldGen       total 175104K, used 0K [0x00000006c1600000, 0x00000006cc100000, 0x000000076b200000)
  object space 175104K, 0% used [0x00000006c1600000,0x00000006c1600000,0x00000006cc100000)
 Metaspace       used 11500K, capacity 11704K, committed 11904K, reserved 1058816K
  class space    used 1476K, capacity 1552K, committed 1664K, reserved 1048576K
Event: 1.464 GC heap after
Heap after GC invocations=1 (full 0):
 PSYoungGen      total 76288K, used 8081K [0x000000076b200000, 0x0000000770700000, 0x00000007c0000000)
  eden space 65536K, 0% used [0x000000076b200000,0x000000076b200000,0x000000076f200000)
  from space 10752K, 75% used [0x000000076f200000,0x000000076f9e4738,0x000000076fc80000)
  to   space 10752K, 0% used [0x000000076fc80000,0x000000076fc80000,0x0000000770700000)
 ParOldGen       total 175104K, used 8K [0x00000006c1600000, 0x00000006cc100000, 0x000000076b200000)
  object space 175104K, 0% used [0x00000006c1600000,0x00000006c1602000,0x00000006cc100000)
 Metaspace       used 11500K, capacity 11704K, committed 11904K, reserved 1058816K
  class space    used 1476K, capacity 1552K, committed 1664K, reserved 1048576K
}
Event: 2.680 GC heap before
{Heap before GC invocations=2 (full 0):
 PSYoungGen      total 76288K, used 73617K [0x000000076b200000, 0x0000000770700000, 0x00000007c0000000)
  eden space 65536K, 100% used [0x000000076b200000,0x000000076f200000,0x000000076f200000)
  from space 10752K, 75% used [0x000000076f200000,0x000000076f9e4738,0x000000076fc80000)
  to   space 10752K, 0% used [0x000000076fc80000,0x000000076fc80000,0x0000000770700000)
 ParOldGen       total 175104K, used 8K [0x00000006c1600000, 0x00000006cc100000, 0x000000076b200000)
  object space 175104K, 0% used [0x00000006c1600000,0x00000006c1602000,0x00000006cc100000)
 Metaspace       used 20459K, capacity 20756K, committed 20992K, reserved 1067008K
  class space    used 2631K, capacity 2714K, committed 2816K, reserved 1048576K
Event: 2.692 GC heap after
Heap after GC invocations=2 (full 0):
 PSYoungGen      total 76288K, used 10420K [0x000000076b200000, 0x0000000770700000, 0x00000007c0000000)
  eden space 65536K, 0% used [0x000000076b200000,0x000000076b200000,0x000000076f200000)
  from space 10752K, 96% used [0x000000076fc80000,0x00000007706ad0f8,0x0000000770700000)
  to   space 10752K, 0% used [0x000000076f200000,0x000000076f200000,0x000000076fc80000)
 ParOldGen       total 175104K, used 16K [0x00000006c1600000, 0x00000006cc100000, 0x000000076b200000)
  object space 175104K, 0% used [0x00000006c1600000,0x00000006c1604000,0x00000006cc100000)
 Metaspace       used 20459K, capacity 20756K, committed 20992K, reserved 1067008K
  class space    used 2631K, capacity 2714K, committed 2816K, reserved 1048576K
}
Event: 2.745 GC heap before
{Heap before GC invocations=3 (full 0):
 PSYoungGen      total 76288K, used 15591K [0x000000076b200000, 0x0000000770700000, 0x00000007c0000000)
  eden space 65536K, 7% used [0x000000076b200000,0x000000076b70cb68,0x000000076f200000)
  from space 10752K, 96% used [0x000000076fc80000,0x00000007706ad0f8,0x0000000770700000)
  to   space 10752K, 0% used [0x000000076f200000,0x000000076f200000,0x000000076fc80000)
 ParOldGen       total 175104K, used 16K [0x00000006c1600000, 0x00000006cc100000, 0x000000076b200000)
  object space 175104K, 0% used [0x00000006c1600000,0x00000006c1604000,0x00000006cc100000)
 Metaspace       used 20813K, capacity 21108K, committed 21248K, reserved 1067008K
  class space    used 2677K, capacity 2810K, committed 2816K, reserved 1048576K
Event: 2.752 GC heap after
Heap after GC invocations=3 (full 0):
 PSYoungGen      total 76288K, used 5605K [0x000000076b200000, 0x0000000774700000, 0x00000007c0000000)
  eden space 65536K, 0% used [0x000000076b200000,0x000000076b200000,0x000000076f200000)
  from space 10752K, 52% used [0x000000076f200000,0x000000076f7797f8,0x000000076fc80000)
  to   space 10752K, 0% used [0x0000000773c80000,0x0000000773c80000,0x0000000774700000)
 ParOldGen       total 175104K, used 24K [0x00000006c1600000, 0x00000006cc100000, 0x000000076b200000)
  object space 175104K, 0% used [0x00000006c1600000,0x00000006c1606000,0x00000006cc100000)
 Metaspace       used 20813K, capacity 21108K, committed 21248K, reserved 1067008K
  class space    used 2677K, capacity 2810K, committed 2816K, reserved 1048576K
}
Event: 2.752 GC heap before
{Heap before GC invocations=4 (full 1):
 PSYoungGen      total 76288K, used 5605K [0x000000076b200000, 0x0000000774700000, 0x00000007c0000000)
  eden space 65536K, 0% used [0x000000076b200000,0x000000076b200000,0x000000076f200000)
  from space 10752K, 52% used [0x000000076f200000,0x000000076f7797f8,0x000000076fc80000)
  to   space 10752K, 0% used [0x0000000773c80000,0x0000000773c80000,0x0000000774700000)
 ParOldGen       total 175104K, used 24K [0x00000006c1600000, 0x00000006cc100000, 0x000000076b200000)
  object space 175104K, 0% used [0x00000006c1600000,0x00000006c1606000,0x00000006cc100000)
 Metaspace       used 20813K, capacity 21108K, committed 21248K, reserved 1067008K
  class space    used 2677K, capacity 2810K, committed 2816K, reserved 1048576K
Event: 2.787 GC heap after
Heap after GC invocations=4 (full 1):
 PSYoungGen      total 76288K, used 0K [0x000000076b200000, 0x0000000774700000, 0x00000007c0000000)
  eden space 65536K, 0% used [0x000000076b200000,0x000000076b200000,0x000000076f200000)
  from space 10752K, 0% used [0x000000076f200000,0x000000076f200000,0x000000076fc80000)
  to   space 10752K, 0% used [0x0000000773c80000,0x0000000773c80000,0x0000000774700000)
 ParOldGen       total 87552K, used 5536K [0x00000006c1600000, 0x00000006c6b80000, 0x000000076b200000)
  object space 87552K, 6% used [0x00000006c1600000,0x00000006c1b681d8,0x00000006c6b80000)
 Metaspace       used 20813K, capacity 21108K, committed 21248K, reserved 1067008K
  class space    used 2677K, capacity 2810K, committed 2816K, reserved 1048576K
}

