<?xml version="1.0" encoding="UTF-8"?>
<testsuite name="net.thucydides.showcase.cucumber.VerifyIncidentNumber" time="1,094.619" tests="6" errors="0" skipped="0" failures="0">
  <properties>
[...]
</properties>
  <testcase name="Ensure that &quot;Number&quot; field is autopopulated as with prefix INC with 7 digits starting at 10,000" classname="All related test scenarios to Incident User" time="93.652"/>
  <testcase name="Ensure that ITIL user role can create a new Incident" classname="All related test scenarios to Incident User" time="81.418"/>
  <testcase name="Ensure that Incidents can have Attachments added" classname="All related test scenarios to Incident User" time="67.493"/>
  <testcase name="Incident Analyst can see the email window pop" classname="All related test scenarios to Incident User" time="67.619"/>
  <testcase name="Ensure that Incident can be cancelled" classname="All related test scenarios to Incident User" time="56.661"/>
  <testcase name="Ensure that ITIL user can search for the incident using search functionality" classname="All related test scenarios to Incident User" time="727.776"/>
</testsuite>