<?xml version="1.0" encoding="UTF-8"?><testsuite errors="0" failures="1" name="All related test scenarios to Incident User" skipped="0" tests="4" time="296.07" timestamp="2020-06-12 10:11:27"><testcase name="Ensure that &quot;Number&quot; field is autopopulated as with prefix INC with 7 digits starting at 10,000"/><testcase name="Ensure that ITIL user role can create a new Incident"/><testcase name="Ensure that Incidents can have Attachments added"/><testcase name="Ensure that ITIL user can search for the incident using search functionality"><failure message="expected:&lt;[]&gt; but was:&lt;[1234]&gt;" type="java.lang.AssertionError">expected:&lt;[]&gt; but was:&lt;[1234]&gt;</failure><system-err>expected:&lt;[]&gt; but was:&lt;[1234]&gt;&#13;
net.thucydides.showcase.cucumber.pages.HomePage.printTableResults(HomePage.java:315)&#13;
net.thucydides.showcase.cucumber.pages.HomePage.searchIncident(HomePage.java:285)&#13;
net.thucydides.showcase.cucumber.steps.VerifyIncidentNumberScenarioSteps.user_Search_for_the_incident_using_search_functionality(VerifyIncidentNumberScenarioSteps.java:90)&#13;
✽.User Search for the incident using search functionality(src/test/resources/features/incident_user/incident_number_format.feature:45)&#13;
</system-err></testcase></testsuite>