<?xml version="1.0" encoding="UTF-8"?><testsuite errors="0" failures="1" name="All related test scenarios to Incident User" skipped="0" tests="1" time="66.54" timestamp="2020-06-15 03:50:09"><testcase name="Ensure that &quot;Number&quot; field is autopopulated as with prefix INC with 7 digits starting at 10,000"><failure message="Expected enabled element was not enabled&#10;Build info: version: '3.13.0', revision: '2f0d292', time: '2018-06-25T15:24:21.231Z'&#10;System info: host: 'DESKTOP-Q02RRK1', ip: '10.0.0.4', os.name: 'Windows 10', os.arch: 'amd64', os.version: '10.0', java.version: '1.8.0_241'&#10;Driver info: driver.version: unknown" type="net.thucydides.core.webdriver.exceptions.ElementShouldBeEnabledException">Expected enabled element was not enabled
Build info: version: '3.13.0', revision: '2f0d292', time: '2018-06-25T15:24:21.231Z'
System info: host: 'DESKTOP-Q02RRK1', ip: '10.0.0.4', os.name: 'Windows 10', os.arch: 'amd64', os.version: '10.0', java.version: '1.8.0_241'
Driver info: driver.version: unknown</failure><system-err>Expected enabled element was not enabled
Build info: version: '3.13.0', revision: '2f0d292', time: '2018-06-25T15:24:21.231Z'
System info: host: 'DESKTOP-Q02RRK1', ip: '10.0.0.4', os.name: 'Windows 10', os.arch: 'amd64', os.version: '10.0', java.version: '1.8.0_241'
Driver info: driver.version: unknown&#13;
net.thucydides.showcase.cucumber.pages.HomePage.createincidentgetnumber(HomePage.java:161)&#13;
net.thucydides.showcase.cucumber.steps.serenity.IncidentSteps.get_new_incident_number(IncidentSteps.java:28)&#13;
net.thucydides.showcase.cucumber.steps.VerifyIncidentNumberScenarioSteps.iCreateNewIncidentAndGetIncidentNumberFormat(VerifyIncidentNumberScenarioSteps.java:37)&#13;
✽.I Create New Incident and get Incident Number Format(src/test/resources/features/incident_user/incident_number_format.feature:5)&#13;
</system-err></testcase></testsuite>